Sat 10 Sep 2022 12:37:54 AM UTC: 
 tests:  0|6
total_score: 0/70
427dfc3
Sat 10 Sep 2022 12:46:34 AM UTC: 
 hashmap.c | 6 ++++--
 1 file changed, 4 insertions(+), 2 deletions(-)
 tests:  0|6
total_score: 0/70
82fb345
Sat 10 Sep 2022 12:48:00 AM UTC: 
 hashmap.c | 2 ++
 1 file changed, 2 insertions(+)
 tests:  0|6
total_score: 0/70
3bf980a
Sat 10 Sep 2022 12:48:33 AM UTC: 
 hashmap.c | 3 ---
 1 file changed, 3 deletions(-)
 tests:  0|0
aef53bb
Sat 10 Sep 2022 12:50:47 AM UTC: 
 hashmap.c | 9 ++++++---
 1 file changed, 6 insertions(+), 3 deletions(-)
In file included from test.c:4:
hashmap.c: In function ‘createMap’:
hashmap.c:55:1: error: unknown type name ‘Map’
   55 | Map * new = (Map *)malloc(sizeof(Map));
      | ^~~
hashmap.c:55:14: error: ‘Map’ undeclared (first use in this function)
   55 | Map * new = (Map *)malloc(sizeof(Map));
      |              ^~~
hashmap.c:55:14: note: each undeclared identifier is reported only once for each function it appears in
hashmap.c:55:19: error: expected expression before ‘)’ token
   55 | Map * new = (Map *)malloc(sizeof(Map));
      |                   ^
hashmap.c:56:5: error: implicit declaration of function ‘assert’ [-Werror=implicit-function-declaration]
   56 |     assert(new != NULL); // No hay memoria para reservar la Mapa.
      |     ^~~~~~
hashmap.c:7:1: note: ‘assert’ is defined in header ‘<assert.h>’; did you forget to ‘#include <assert.h>’?
    6 | #include "hashmap.h"
  +++ |+#include <assert.h>
    7 | 
hashmap.c:57:8: error: request for member ‘head’ in something not a structure or union
   57 |     new->head = new->tail = new->current = NULL;
      |        ^~
hashmap.c:57:20: error: request for member ‘tail’ in something not a structure or union
   57 |     new->head = new->tail = new->current = NULL;
      |                    ^~
hashmap.c:57:32: error: request for member ‘current’ in something not a structure or union
   57 |     new->head = new->tail = new->current = NULL;
      |                                ^~
hashmap.c:58:8: error: request for member ‘is_equal’ in something not a structure or union
   58 |     new->is_equal = is_equal;
      |        ^~
hashmap.c:59:8: error: request for member ‘lower_than’ in something not a structure or union
   59 |     new->lower_than = NULL;
      |        ^~
hashmap.c:60:12: error: returning ‘int *’ from a function with incompatible return type ‘HashMap *’ {aka ‘struct HashMap *’} [-Werror=incompatible-pointer-types]
   60 |     return new;
      |            ^~~
cc1: all warnings being treated as errors
Compilation failed
7929e25
Sat 10 Sep 2022 12:53:57 AM UTC: 
 hashmap.c | 7 +++++--
 1 file changed, 5 insertions(+), 2 deletions(-)
In file included from test.c:4:
hashmap.c: In function ‘createMap’:
hashmap.c:55:3: error: unknown type name ‘Map’
   55 |   Map * new = (Map *)malloc(sizeof(Map));
      |   ^~~
hashmap.c:55:16: error: ‘Map’ undeclared (first use in this function)
   55 |   Map * new = (Map *)malloc(sizeof(Map));
      |                ^~~
hashmap.c:55:16: note: each undeclared identifier is reported only once for each function it appears in
hashmap.c:55:21: error: expected expression before ‘)’ token
   55 |   Map * new = (Map *)malloc(sizeof(Map));
      |                     ^
hashmap.c:56:3: error: implicit declaration of function ‘assert’ [-Werror=implicit-function-declaration]
   56 |   assert(new != NULL); // No hay memoria para reservar la Mapa.
      |   ^~~~~~
hashmap.c:7:1: note: ‘assert’ is defined in header ‘<assert.h>’; did you forget to ‘#include <assert.h>’?
    6 | #include "hashmap.h"
  +++ |+#include <assert.h>
    7 | 
hashmap.c:57:6: error: request for member ‘is_equal’ in something not a structure or union
   57 |   new->is_equal = is_equal;
      |      ^~
hashmap.c:58:3: error: ‘map’ undeclared (first use in this function)
   58 |   map->buckets = (Pair **) calloc (10,sizeof(Pair *));
      |   ^~~
hashmap.c:60:10: error: returning ‘int *’ from a function with incompatible return type ‘HashMap *’ {aka ‘struct HashMap *’} [-Werror=incompatible-pointer-types]
   60 |   return new;
      |          ^~~
cc1: all warnings being treated as errors
Compilation failed
213a818
Sat 10 Sep 2022 12:54:18 AM UTC: 
 hashmap.c | 3 ---
 1 file changed, 3 deletions(-)
In file included from test.c:4:
hashmap.c: In function ‘createMap’:
hashmap.c:55:3: error: unknown type name ‘Map’
   55 |   Map * new = (Map *)malloc(sizeof(Map));
      |   ^~~
hashmap.c:55:16: error: ‘Map’ undeclared (first use in this function)
   55 |   Map * new = (Map *)malloc(sizeof(Map));
      |                ^~~
hashmap.c:55:16: note: each undeclared identifier is reported only once for each function it appears in
hashmap.c:55:21: error: expected expression before ‘)’ token
   55 |   Map * new = (Map *)malloc(sizeof(Map));
      |                     ^
hashmap.c:56:3: error: implicit declaration of function ‘assert’ [-Werror=implicit-function-declaration]
   56 |   assert(new != NULL); // No hay memoria para reservar la Mapa.
      |   ^~~~~~
hashmap.c:7:1: note: ‘assert’ is defined in header ‘<assert.h>’; did you forget to ‘#include <assert.h>’?
    6 | #include "hashmap.h"
  +++ |+#include <assert.h>
    7 | 
hashmap.c:57:6: error: request for member ‘is_equal’ in something not a structure or union
   57 |   new->is_equal = is_equal;
      |      ^~
hashmap.c:58:3: error: ‘map’ undeclared (first use in this function)
   58 |   map->buckets = (Pair **) calloc (10,sizeof(Pair *));
      |   ^~~
hashmap.c:60:10: error: returning ‘int *’ from a function with incompatible return type ‘HashMap *’ {aka ‘struct HashMap *’} [-Werror=incompatible-pointer-types]
   60 |   return new;
      |          ^~~
cc1: all warnings being treated as errors
Compilation failed
5fc5b22
Sat 10 Sep 2022 12:55:49 AM UTC: 
 hashmap.c | 9 +++++----
 1 file changed, 5 insertions(+), 4 deletions(-)
 tests:  0|6
total_score: 0/70
9ecd9c8
Sat 10 Sep 2022 12:56:06 AM UTC: 
 hashmap.c | 4 +---
 1 file changed, 1 insertion(+), 3 deletions(-)
 tests:  0|6
total_score: 0/70
2dab277
Sat 10 Sep 2022 12:56:51 AM UTC: 
 hashmap.c | 1 +
 1 file changed, 1 insertion(+)
 tests:  0|6
total_score: 0/70
28bad58
Sat 10 Sep 2022 12:57:50 AM UTC: 
 hashmap.c | 2 +-
 1 file changed, 1 insertion(+), 1 deletion(-)
 tests:  0|6
total_score: 0/70
238bc3e
Sat 10 Sep 2022 12:59:06 AM UTC: 
 hashmap.c | 1 -
 1 file changed, 1 deletion(-)
 tests:  0|6
total_score: 0/70
13f8ed4
Sat 10 Sep 2022 12:59:22 AM UTC: 
 hashmap.c | 1 +
 1 file changed, 1 insertion(+)
 tests:  0|6
total_score: 0/70
489d4c9
Sat 10 Sep 2022 12:59:32 AM UTC: 
 hashmap.c | 1 -
 1 file changed, 1 deletion(-)
 tests:  0|0
a18d6ce
Sat 10 Sep 2022 12:59:54 AM UTC: 
 hashmap.c | 1 +
 1 file changed, 1 insertion(+)
 tests:  0|6
total_score: 0/70
b229df2
Sat 10 Sep 2022 01:00:12 AM UTC: 
 hashmap.c | 2 +-
 1 file changed, 1 insertion(+), 1 deletion(-)
 tests:  0|6
total_score: 0/70
3e3b375
Sat 10 Sep 2022 01:00:35 AM UTC: 
 hashmap.c | 2 +-
 1 file changed, 1 insertion(+), 1 deletion(-)
 tests:  0|6
total_score: 0/70
d3ac806
Sat 10 Sep 2022 01:01:46 AM UTC: 
 hashmap.c | 2 ++
 1 file changed, 2 insertions(+)
In file included from test.c:4:
hashmap.c: In function ‘createMap’:
hashmap.c:60:3: error: ‘new’ undeclared (first use in this function)
   60 |   new->key = key;
      |   ^~~
hashmap.c:60:3: note: each undeclared identifier is reported only once for each function it appears in
hashmap.c:60:14: error: ‘key’ undeclared (first use in this function); did you mean ‘key_t’?
   60 |   new->key = key;
      |              ^~~
      |              key_t
hashmap.c:61:16: error: ‘value’ undeclared (first use in this function)
   61 |   new->value = value;
      |                ^~~~~
Compilation failed
c1258c2
Sat 10 Sep 2022 01:03:54 AM UTC: 
 hashmap.c | 4 +---
 1 file changed, 1 insertion(+), 3 deletions(-)
 tests:  0|6
total_score: 0/70
42fa8d7
Sat 10 Sep 2022 01:04:07 AM UTC: 
 hashmap.c | 2 +-
 1 file changed, 1 insertion(+), 1 deletion(-)
 tests:  0|6
total_score: 0/70
8274168
Sat 10 Sep 2022 01:04:58 AM UTC: 
 hashmap.c | 1 -
 1 file changed, 1 deletion(-)
 tests:  0|6
total_score: 0/70
d5fe2cc
Sat 10 Sep 2022 01:05:48 AM UTC: 
 hashmap.c | 3 ++-
 1 file changed, 2 insertions(+), 1 deletion(-)
 tests:  0|6
total_score: 0/70
9618c5a
Sat 10 Sep 2022 01:07:29 AM UTC: 
 hashmap.c | 2 +-
 1 file changed, 1 insertion(+), 1 deletion(-)
 tests:  0|6
total_score: 0/70
db7d741
Sat 10 Sep 2022 01:07:37 AM UTC: 
 hashmap.c | 2 +-
 1 file changed, 1 insertion(+), 1 deletion(-)
 tests:  0|6
total_score: 0/70
9f2412a
Sat 10 Sep 2022 01:08:29 AM UTC: 
 hashmap.c | 4 ++--
 1 file changed, 2 insertions(+), 2 deletions(-)
 tests:  1|5
total_score: 10/70
258f665
Sat 10 Sep 2022 01:19:26 AM UTC: 
 hashmap.c | 2 ++
 1 file changed, 2 insertions(+)
In file included from test.c:4:
hashmap.c: In function ‘insertMap’:
hashmap.c:43:23: error: ‘HashMap’ {aka ‘struct HashMap’} has no member named ‘value’
   43 |   int index = hash(map->value);
      |                       ^~
hashmap.c:43:15: error: too few arguments to function ‘hash’
   43 |   int index = hash(map->value);
      |               ^~~~
hashmap.c:26:6: note: declared here
   26 | long hash( char * key, long capacity) {
      |      ^~~~
hashmap.c:44:16: error: incompatible types when assigning to type ‘HashMap’ {aka ‘struct HashMap’} from type ‘void *’
   44 |   map[index] = value;
      |                ^~~~~
Compilation failed
8610e5a
Sat 10 Sep 2022 01:19:53 AM UTC: 
 hashmap.c | 2 +-
 1 file changed, 1 insertion(+), 1 deletion(-)
In file included from test.c:4:
hashmap.c: In function ‘insertMap’:
hashmap.c:43:23: error: ‘HashMap’ {aka ‘struct HashMap’} has no member named ‘key’
   43 |   int index = hash(map->key);
      |                       ^~
hashmap.c:43:15: error: too few arguments to function ‘hash’
   43 |   int index = hash(map->key);
      |               ^~~~
hashmap.c:26:6: note: declared here
   26 | long hash( char * key, long capacity) {
      |      ^~~~
hashmap.c:44:16: error: incompatible types when assigning to type ‘HashMap’ {aka ‘struct HashMap’} from type ‘void *’
   44 |   map[index] = value;
      |                ^~~~~
Compilation failed
da691c2
Sat 10 Sep 2022 01:20:05 AM UTC: 
 hashmap.c | 2 +-
 1 file changed, 1 insertion(+), 1 deletion(-)
In file included from test.c:4:
hashmap.c: In function ‘insertMap’:
hashmap.c:43:20: error: passing argument 1 of ‘hash’ from incompatible pointer type [-Werror=incompatible-pointer-types]
   43 |   int index = hash(map);
      |                    ^~~
      |                    |
      |                    HashMap * {aka struct HashMap *}
hashmap.c:26:19: note: expected ‘char *’ but argument is of type ‘HashMap *’ {aka ‘struct HashMap *’}
   26 | long hash( char * key, long capacity) {
      |            ~~~~~~~^~~
hashmap.c:43:15: error: too few arguments to function ‘hash’
   43 |   int index = hash(map);
      |               ^~~~
hashmap.c:26:6: note: declared here
   26 | long hash( char * key, long capacity) {
      |      ^~~~
hashmap.c:44:16: error: incompatible types when assigning to type ‘HashMap’ {aka ‘struct HashMap’} from type ‘void *’
   44 |   map[index] = value;
      |                ^~~~~
cc1: all warnings being treated as errors
Compilation failed
8a3f56f
Sat 10 Sep 2022 01:26:13 AM UTC: 
 hashmap.c | 3 +--
 1 file changed, 1 insertion(+), 2 deletions(-)
In file included from test.c:4:
hashmap.c: In function ‘insertMap’:
hashmap.c:43:24: error: passing argument 2 of ‘hash’ makes integer from pointer without a cast [-Werror=int-conversion]
   43 |   int index = hash(key,value);
      |                        ^~~~~
      |                        |
      |                        void *
hashmap.c:26:29: note: expected ‘long int’ but argument is of type ‘void *’
   26 | long hash( char * key, long capacity) {
      |                        ~~~~~^~~~~~~~
hashmap.c:43:7: error: unused variable ‘index’ [-Werror=unused-variable]
   43 |   int index = hash(key,value);
      |       ^~~~~
cc1: all warnings being treated as errors
Compilation failed
1dcbe32
Sat 10 Sep 2022 01:27:02 AM UTC: 
 hashmap.c | 2 +-
 1 file changed, 1 insertion(+), 1 deletion(-)
In file included from test.c:4:
hashmap.c: In function ‘insertMap’:
hashmap.c:43:27: error: ‘HashMap’ {aka ‘struct HashMap’} has no member named ‘c’
   43 |   int index = hash(key,map->c);
      |                           ^~
hashmap.c:43:7: error: unused variable ‘index’ [-Werror=unused-variable]
   43 |   int index = hash(key,map->c);
      |       ^~~~~
cc1: all warnings being treated as errors
Compilation failed
cb3d4e5
Sat 10 Sep 2022 01:31:08 AM UTC: 
 hashmap.c | 3 ++-
 1 file changed, 2 insertions(+), 1 deletion(-)
In file included from test.c:4:
hashmap.c: In function ‘insertMap’:
hashmap.c:43:14: error: assignment to ‘long int’ from ‘void *’ makes integer from pointer without a cast [-Werror=int-conversion]
   43 | map->current = value;
      |              ^
hashmap.c:44:13: error: ‘return’ with a value, in function returning void [-Werror=return-type]
   44 |   return map->current;
      |          ~~~^~~~~~~~~
hashmap.c:42:6: note: declared here
   42 | void insertMap(HashMap * map, char * key, void * value) {
      |      ^~~~~~~~~
cc1: all warnings being treated as errors
Compilation failed
dd86d02
Sat 10 Sep 2022 01:31:26 AM UTC: 
 hashmap.c | 4 ++--
 1 file changed, 2 insertions(+), 2 deletions(-)
In file included from test.c:4:
hashmap.c: In function ‘insertMap’:
hashmap.c:43:4: error: ‘HashMap’ {aka ‘struct HashMap’} has no member named ‘key’
   43 | map->key = value;
      |    ^~
hashmap.c:44:13: error: ‘HashMap’ {aka ‘struct HashMap’} has no member named ‘key’
   44 |   return map->key;
      |             ^~
hashmap.c:44:10: error: ‘return’ with a value, in function returning void [-Werror=return-type]
   44 |   return map->key;
      |          ^~~
hashmap.c:42:6: note: declared here
   42 | void insertMap(HashMap * map, char * key, void * value) {
      |      ^~~~~~~~~
cc1: all warnings being treated as errors
Compilation failed
95df570
Sat 10 Sep 2022 01:32:23 AM UTC: 
 hashmap.c | 3 +--
 1 file changed, 1 insertion(+), 2 deletions(-)
 tests:  1|5
total_score: 10/70
e266fdb
Sat 10 Sep 2022 01:32:41 AM UTC: 
 hashmap.c | 2 +-
 1 file changed, 1 insertion(+), 1 deletion(-)
In file included from test.c:4:
hashmap.c: In function ‘insertMap’:
hashmap.c:43:7: error: unused variable ‘index’ [-Werror=unused-variable]
   43 |   int index = hash(key,3);
      |       ^~~~~
cc1: all warnings being treated as errors
Compilation failed
c8d0b83
Sat 10 Sep 2022 01:32:48 AM UTC: 
 hashmap.c | 2 +-
 1 file changed, 1 insertion(+), 1 deletion(-)
 tests:  1|5
total_score: 10/70
e2998f1
Sat 10 Sep 2022 01:33:19 AM UTC: 
 hashmap.c | 1 +
 1 file changed, 1 insertion(+)
In file included from test.c:4:
hashmap.c: In function ‘insertMap’:
hashmap.c:44:3: error: ‘bucket’ undeclared (first use in this function)
   44 |   bucket[3] = value;
      |   ^~~~~~
hashmap.c:44:3: note: each undeclared identifier is reported only once for each function it appears in
Compilation failed
2addfa3
Sat 10 Sep 2022 01:34:41 AM UTC: 
 hashmap.c | 3 +--
 1 file changed, 1 insertion(+), 2 deletions(-)
 tests:  0|0
6598d8f
Sat 10 Sep 2022 01:34:56 AM UTC: 
 hashmap.c | 2 +-
 1 file changed, 1 insertion(+), 1 deletion(-)
In file included from test.c:4:
hashmap.c: In function ‘insertMap’:
hashmap.c:44:19: error: assignment to ‘Pair *’ from ‘int’ makes pointer from integer without a cast [-Werror=int-conversion]
   44 |   map->buckets[3] = 1;
      |                   ^
cc1: all warnings being treated as errors
Compilation failed
cfffd5f
Sat 10 Sep 2022 01:35:34 AM UTC: 
 hashmap.c | 3 +--
 1 file changed, 1 insertion(+), 2 deletions(-)
In file included from test.c:4:
hashmap.c: In function ‘insertMap’:
hashmap.c:43:19: error: assignment to ‘Pair *’ from ‘long int’ makes pointer from integer without a cast [-Werror=int-conversion]
   43 |   map->buckets[3] = hash(key,3);
      |                   ^
cc1: all warnings being treated as errors
Compilation failed
ead80d1
Sat 10 Sep 2022 01:36:18 AM UTC: 
 hashmap.c | 2 +-
 1 file changed, 1 insertion(+), 1 deletion(-)
In file included from test.c:4:
hashmap.c: In function ‘insertMap’:
hashmap.c:43:19: error: assignment to ‘Pair *’ from ‘long int’ makes pointer from integer without a cast [-Werror=int-conversion]
   43 |   map->buckets[3] = hash(key,map->capacity);
      |                   ^
cc1: all warnings being treated as errors
Compilation failed
b1cc1c2
Sat 10 Sep 2022 01:38:03 AM UTC: 
 hashmap.c | 2 +-
 1 file changed, 1 insertion(+), 1 deletion(-)
In file included from test.c:4:
hashmap.c: In function ‘insertMap’:
hashmap.c:43:12: error: unused variable ‘index’ [-Werror=unused-variable]
   43 |   long int index = hash(key,map->capacity);
      |            ^~~~~
cc1: all warnings being treated as errors
Compilation failed
2c5ce26
Sat 10 Sep 2022 01:50:07 AM UTC: 
 hashmap.c | 3 +--
 1 file changed, 1 insertion(+), 2 deletions(-)
 tests:  0|0
24eb079
Sat 10 Sep 2022 01:50:54 AM UTC: 
 hashmap.c | 1 +
 1 file changed, 1 insertion(+)
In file included from test.c:4:
hashmap.c: In function ‘insertMap’:
hashmap.c:44:37: error: expected ‘)’ before ‘;’ token
   44 |   strcmp (map->buckets[3]->value = 0;
      |                                     ^
      |                                     )
hashmap.c:44:3: error: too few arguments to function ‘strcmp’
   44 |   strcmp (map->buckets[3]->value = 0;
      |   ^~~~~~
In file included from test.c:3:
/nix/store/iwd8ic5hhwdxn5dga0im55g5hjl270cd-glibc-2.33-47-dev/include/string.h:140:12: note: declared here
  140 | extern int strcmp (const char *__s1, const char *__s2)
      |            ^~~~~~
In file included from test.c:4:
hashmap.c:44:38: error: expected ‘;’ before ‘}’ token
   44 |   strcmp (map->buckets[3]->value = 0;
      |                                      ^
      |                                      ;
   45 | }
      | ~                                     
Compilation failed
7c99428
Sat 10 Sep 2022 01:51:04 AM UTC: 
 hashmap.c | 2 +-
 1 file changed, 1 insertion(+), 1 deletion(-)
In file included from test.c:4:
hashmap.c: In function ‘insertMap’:
hashmap.c:44:3: error: too few arguments to function ‘strcmp’
   44 |   strcmp (map->buckets[3]->value = 0);
      |   ^~~~~~
In file included from test.c:3:
/nix/store/iwd8ic5hhwdxn5dga0im55g5hjl270cd-glibc-2.33-47-dev/include/string.h:140:12: note: declared here
  140 | extern int strcmp (const char *__s1, const char *__s2)
      |            ^~~~~~
Compilation failed
1f44b84
Sat 10 Sep 2022 01:51:25 AM UTC: 
 hashmap.c | 2 +-
 1 file changed, 1 insertion(+), 1 deletion(-)
In file included from test.c:4:
hashmap.c: In function ‘insertMap’:
hashmap.c:44:29: error: expected ‘;’ before ‘)’ token
   44 |   map->buckets[3]->value = 0);
      |                             ^
      |                             ;
hashmap.c:44:29: error: expected statement before ‘)’ token
Compilation failed
b7066e2
